<?xml version="1.0" encoding="UTF-8"?>
<!-- Generated by org.testng.reporters.JUnitReportReporter -->
<testsuite hostname="LAPTOP-4P252GTC" failures="0" tests="1" name="tests.RestAssuredTest" time="3.263" errors="0" timestamp="2024-09-18T02:43:25 EET" skipped="0">
  <testcase classname="tests.RestAssuredTest" name="testAddNewDevice" time="3.263"/>
  <system-out/>
</testsuite> <!-- tests.RestAssuredTest -->
