<?xml version="1.0" encoding="UTF-8"?>
<!-- Generated by org.testng.reporters.JUnitReportReporter -->
<testsuite hostname="LAPTOP-4P252GTC" failures="0" tests="3" name="tests.SubscriptionTest" time="17.269" errors="0" timestamp="2024-09-18T02:39:02 EET" skipped="0">
  <testcase classname="tests.SubscriptionTest" name="validate_Subscription_Packages" time="5.131"/>
  <system-out/>
  <testcase classname="tests.SubscriptionTest" name="validate_Subscription_Packages" time="6.442"/>
  <system-out/>
  <testcase classname="tests.SubscriptionTest" name="validate_Subscription_Packages" time="5.696"/>
  <system-out/>
</testsuite> <!-- tests.SubscriptionTest -->
